This file contains any messages produced by compilers while
running configure, to aid debugging if configure makes a mistake.

It was created by message_client configure 1.1, which was
generated by GNU Autoconf 2.69.  Invocation command line was

  $ ./configure CC=/usr/bin/gcc CXX=/usr/bin/g++ CFLAGS=-g3 -gdwarf-2 CXXFLAGS=-g3 -gdwarf-2

## --------- ##
## Platform. ##
## --------- ##

hostname = linux-1izl.site
uname -m = x86_64
uname -r = 3.11.10-29-desktop
uname -s = Linux
uname -v = #1 SMP PREEMPT Thu Mar 5 16:24:00 UTC 2015 (338c513)

/usr/bin/uname -p = x86_64
/bin/uname -X     = unknown

/bin/arch              = x86_64
/usr/bin/arch -k       = unknown
/usr/convex/getsysinfo = unknown
/usr/bin/hostinfo      = unknown
/bin/machine           = unknown
/usr/bin/oslevel       = unknown
/bin/universe          = unknown

PATH: /usr/bin
PATH: /home/i_fly_gliders/bin
PATH: /usr/local/bin
PATH: /usr/bin
PATH: /bin
PATH: /usr/bin/X11
PATH: /usr/X11R6/bin
PATH: /usr/games


## ----------- ##
## Core tests. ##
## ----------- ##

configure:1691: loading site script /usr/share/site/x86_64-unknown-linux-gnu
| #!/bin/sh
| # Site script for configure. It is resourced via $CONFIG_SITE environment varaible.
| 
| # If user did not specify libdir, guess the correct target:
| # Use lib64 for 64 bit bi-arch targets, keep the default for the rest.
| if test "$libdir" = '${exec_prefix}/lib' ; then
| 
| 	ac_config_site_64bit_host=NONE
| 
| 	case "$host" in
| 	"" )
| 		# User did not specify host target.
| 		# The native platform x86_64 is a bi-arch platform.
| 		# Try to detect cross-compilation to inferior architecture.
| 
| 		# We are trying to guess 32-bit target compilation. It's not as easy as
| 		# it sounds, as there is possible several intermediate combinations.
| 		ac_config_site_cross_to_32bit_host=NONE
| 
| 		# User defined -m32 in CFLAGS or CXXFLAGS:
| 		# (It's sufficient for 32-bit, but alone may cause mis-behavior of some checks.)
| 		case "$CFLAGS" in
| 		*-m32*)
| 			ac_config_site_cross_to_32bit_host=YES
| 			;;
| 		esac
| 		case "$CXXFLAGS" in
| 		*-m32*)
| 			ac_config_site_cross_to_32bit_host=YES
| 			;;
| 		esac
| 
| 		# Running with linux32:
| 		# (Changes detected platform, but not the toolchain target.)
| 		case "`/bin/uname -i`" in
| 		x86_64 | ppc64 | s390x )
| 			;;
| 		* )
| 			ac_config_site_cross_to_32bit_host=YES
| 			;;
| 		esac
| 
| 		if test "x$ac_config_site_cross_to_32bit_host" = xNONE; then
| 			ac_config_site_64bit_host=YES
| 		fi
| 
| 		;;
| 	*x86_64* | *ppc64* | *s390x* )
| 		ac_config_site_64bit_host=YES
| 		;;
| 	esac
| 
| 	if test "x$ac_config_site_64bit_host" = xYES; then
| 		libdir='${exec_prefix}/lib64'
| 	fi
| fi
| 
| # If user did not specify libexecdir, set the correct target:
| # Nor FHS nor openSUSE allow prefix/libexec. Let's default to prefix/lib.
| 
| if test "$libexecdir" = '${exec_prefix}/libexec' ; then
| 	libexecdir='${exec_prefix}/lib'
| fi
| 
| # Continue with the standard behavior of configure defined in AC_SITE_LOAD:
| if test "x$prefix" != xNONE; then
| 	ac_site_file1=$prefix/share/config.site
| 	ac_site_file2=$prefix/etc/config.site
| else
| 	ac_site_file1=$ac_default_prefix/share/config.site
| 	ac_site_file2=$ac_default_prefix/etc/config.site
| fi
| for ac_site_file in "$ac_site_file1" "$ac_site_file2"
| do
| 	test "x$ac_site_file" = xNONE && continue
| 	if test /dev/null != "$ac_site_file" && test -r "$ac_site_file"; then
| 		{ $as_echo "/usr/share/site/x86_64-unknown-linux-gnu:${as_lineno-$LINENO}: loading site script $ac_site_file" >&5
| $as_echo "/usr/share/site/x86_64-unknown-linux-gnu: loading site script $ac_site_file" >&6;}
| 		sed 's/^/| /' "$ac_site_file" >&5
| 		. "$ac_site_file" \
| 			|| { { $as_echo "/usr/share/site/x86_64-unknown-linux-gnu:${as_lineno-$LINENO}: error: in \`$ac_pwd':" >&5
| $as_echo "/usr/share/site/x86_64-unknown-linux-gnu: error: in \`$ac_pwd':" >&2;}
| as_fn_error $? "failed to load site script $ac_site_file
| See \`config.log' for more details" "$LINENO" 5; }
| 	fi
| done
configure:1832: checking for a BSD-compatible install
configure:1900: result: /usr/bin/install -c
configure:1911: checking whether build environment is sane
configure:1966: result: yes
configure:2117: checking for a thread-safe mkdir -p
configure:2156: result: /usr/bin/mkdir -p
configure:2163: checking for gawk
configure:2179: found /usr/bin/gawk
configure:2190: result: gawk
configure:2201: checking whether make sets $(MAKE)
configure:2223: result: yes
configure:2252: checking whether make supports nested variables
configure:2269: result: yes
configure:2400: Welcome to message_client configure!
configure:2450: checking for gcc
configure:2477: result: /usr/bin/gcc
configure:2706: checking for C compiler version
configure:2715: /usr/bin/gcc --version >&5
gcc (SUSE Linux) 4.8.1 20130909 [gcc-4_8-branch revision 202388]
Copyright (C) 2013 Free Software Foundation, Inc.
This is free software; see the source for copying conditions.  There is NO
warranty; not even for MERCHANTABILITY or FITNESS FOR A PARTICULAR PURPOSE.

configure:2726: $? = 0
configure:2715: /usr/bin/gcc -v >&5
Using built-in specs.
COLLECT_GCC=/usr/bin/gcc
COLLECT_LTO_WRAPPER=/usr/lib64/gcc/x86_64-suse-linux/4.8/lto-wrapper
Target: x86_64-suse-linux
Configured with: ../configure --prefix=/usr --infodir=/usr/share/info --mandir=/usr/share/man --libdir=/usr/lib64 --libexecdir=/usr/lib64 --enable-languages=c,c++,objc,fortran,obj-c++,java,ada --enable-checking=release --with-gxx-include-dir=/usr/include/c++/4.8 --enable-ssp --disable-libssp --disable-plugin --with-bugurl=http://bugs.opensuse.org/ --with-pkgversion='SUSE Linux' --disable-libgcj --disable-libmudflap --with-slibdir=/lib64 --with-system-zlib --enable-__cxa_atexit --enable-libstdcxx-allocator=new --disable-libstdcxx-pch --enable-version-specific-runtime-libs --enable-linker-build-id --program-suffix=-4.8 --enable-linux-futex --without-system-libunwind --with-arch-32=i586 --with-tune=generic --build=x86_64-suse-linux
Thread model: posix
gcc version 4.8.1 20130909 [gcc-4_8-branch revision 202388] (SUSE Linux) 
configure:2726: $? = 0
configure:2715: /usr/bin/gcc -V >&5
gcc: error: unrecognized command line option '-V'
gcc: fatal error: no input files
compilation terminated.
configure:2726: $? = 1
configure:2715: /usr/bin/gcc -qversion >&5
gcc: error: unrecognized command line option '-qversion'
gcc: fatal error: no input files
compilation terminated.
configure:2726: $? = 1
configure:2746: checking whether the C compiler works
configure:2768: /usr/bin/gcc -g3 -gdwarf-2   conftest.c  >&5
configure:2772: $? = 0
configure:2820: result: yes
configure:2823: checking for C compiler default output file name
configure:2825: result: a.out
configure:2831: checking for suffix of executables
configure:2838: /usr/bin/gcc -o conftest -g3 -gdwarf-2   conftest.c  >&5
configure:2842: $? = 0
configure:2864: result: 
configure:2886: checking whether we are cross compiling
configure:2894: /usr/bin/gcc -o conftest -g3 -gdwarf-2   conftest.c  >&5
configure:2898: $? = 0
configure:2905: ./conftest
configure:2909: $? = 0
configure:2924: result: no
configure:2929: checking for suffix of object files
configure:2951: /usr/bin/gcc -c -g3 -gdwarf-2  conftest.c >&5
configure:2955: $? = 0
configure:2976: result: o
configure:2980: checking whether we are using the GNU C compiler
configure:2999: /usr/bin/gcc -c -g3 -gdwarf-2  conftest.c >&5
configure:2999: $? = 0
configure:3008: result: yes
configure:3017: checking whether /usr/bin/gcc accepts -g
configure:3037: /usr/bin/gcc -c -g  conftest.c >&5
configure:3037: $? = 0
configure:3078: result: yes
configure:3095: checking for /usr/bin/gcc option to accept ISO C89
configure:3158: /usr/bin/gcc  -c -g3 -gdwarf-2  conftest.c >&5
configure:3158: $? = 0
configure:3171: result: none needed
configure:3196: checking whether /usr/bin/gcc understands -c and -o together
configure:3218: /usr/bin/gcc -c conftest.c -o conftest2.o
configure:3221: $? = 0
configure:3218: /usr/bin/gcc -c conftest.c -o conftest2.o
configure:3221: $? = 0
configure:3233: result: yes
configure:3261: checking for style of include used by make
configure:3289: result: GNU
configure:3315: checking dependency style of /usr/bin/gcc
configure:3426: result: gcc3
configure:3554: checking that generated files are newer than configure
configure:3560: result: done
configure:3583: creating ./config.status

## ---------------------- ##
## Running config.status. ##
## ---------------------- ##

This file was extended by message_client config.status 1.1, which was
generated by GNU Autoconf 2.69.  Invocation command line was

  CONFIG_FILES    = 
  CONFIG_HEADERS  = 
  CONFIG_LINKS    = 
  CONFIG_COMMANDS = 
  $ ./config.status 

on linux-1izl.site

config.status:840: creating Makefile
config.status:840: creating src/Makefile
config.status:840: creating config.h
config.status:1021: config.h is unchanged
config.status:1069: executing depfiles commands

## ---------------- ##
## Cache variables. ##
## ---------------- ##

ac_cv_c_compiler_gnu=yes
ac_cv_env_CC_set=set
ac_cv_env_CC_value=/usr/bin/gcc
ac_cv_env_CFLAGS_set=set
ac_cv_env_CFLAGS_value='-g3 -gdwarf-2'
ac_cv_env_CPPFLAGS_set=
ac_cv_env_CPPFLAGS_value=
ac_cv_env_LDFLAGS_set=
ac_cv_env_LDFLAGS_value=
ac_cv_env_LIBS_set=
ac_cv_env_LIBS_value=
ac_cv_env_build_alias_set=
ac_cv_env_build_alias_value=
ac_cv_env_host_alias_set=
ac_cv_env_host_alias_value=
ac_cv_env_target_alias_set=
ac_cv_env_target_alias_value=
ac_cv_objext=o
ac_cv_path_install='/usr/bin/install -c'
ac_cv_path_mkdir=/usr/bin/mkdir
ac_cv_prog_AWK=gawk
ac_cv_prog_ac_ct_CC=/usr/bin/gcc
ac_cv_prog_cc_c89=
ac_cv_prog_cc_g=yes
ac_cv_prog_make_make_set=yes
am_cv_CC_dependencies_compiler_type=gcc3
am_cv_make_support_nested_variables=yes
am_cv_prog_cc_c_o=yes

## ----------------- ##
## Output variables. ##
## ----------------- ##

ACLOCAL='${SHELL} /home/i_fly_gliders/src/message_client_project-1.1/missing aclocal-1.15'
AMDEPBACKSLASH='\'
AMDEP_FALSE='#'
AMDEP_TRUE=''
AMTAR='$${TAR-tar}'
AM_BACKSLASH='\'
AM_DEFAULT_V='$(AM_DEFAULT_VERBOSITY)'
AM_DEFAULT_VERBOSITY='1'
AM_V='$(V)'
AUTOCONF='${SHELL} /home/i_fly_gliders/src/message_client_project-1.1/missing autoconf'
AUTOHEADER='${SHELL} /home/i_fly_gliders/src/message_client_project-1.1/missing autoheader'
AUTOMAKE='${SHELL} /home/i_fly_gliders/src/message_client_project-1.1/missing automake-1.15'
AWK='gawk'
CC='/usr/bin/gcc'
CCDEPMODE='depmode=gcc3'
CFLAGS='-g3 -gdwarf-2'
CPPFLAGS=''
CYGPATH_W='echo'
DEFS='-DHAVE_CONFIG_H'
DEPDIR='.deps'
ECHO_C=''
ECHO_N='-n'
ECHO_T=''
EXEEXT=''
INSTALL_DATA='${INSTALL} -m 644'
INSTALL_PROGRAM='${INSTALL}'
INSTALL_SCRIPT='${INSTALL}'
INSTALL_STRIP_PROGRAM='$(install_sh) -c -s'
LDFLAGS=''
LIBOBJS=''
LIBS=''
LTLIBOBJS=''
MAKEINFO='${SHELL} /home/i_fly_gliders/src/message_client_project-1.1/missing makeinfo'
MKDIR_P='/usr/bin/mkdir -p'
OBJEXT='o'
PACKAGE='message_client'
PACKAGE_BUGREPORT='legojonas@gmx.de'
PACKAGE_NAME='message_client'
PACKAGE_STRING='message_client 1.1'
PACKAGE_TARNAME='message_client'
PACKAGE_URL=''
PACKAGE_VERSION='1.1'
PATH_SEPARATOR=':'
SET_MAKE=''
SHELL='/bin/sh'
STRIP=''
VERSION='1.1'
ac_ct_CC='/usr/bin/gcc'
am__EXEEXT_FALSE=''
am__EXEEXT_TRUE='#'
am__fastdepCC_FALSE='#'
am__fastdepCC_TRUE=''
am__include='include'
am__isrc=''
am__leading_dot='.'
am__nodep='_no'
am__quote=''
am__tar='$${TAR-tar} chof - "$$tardir"'
am__untar='$${TAR-tar} xf -'
bindir='${exec_prefix}/bin'
build_alias=''
datadir='${datarootdir}'
datarootdir='${prefix}/share'
docdir='${datarootdir}/doc/${PACKAGE_TARNAME}'
dvidir='${docdir}'
exec_prefix='${prefix}'
host_alias=''
htmldir='${docdir}'
includedir='${prefix}/include'
infodir='${datarootdir}/info'
install_sh='${SHELL} /home/i_fly_gliders/src/message_client_project-1.1/install-sh'
libdir='${exec_prefix}/lib64'
libexecdir='${exec_prefix}/lib'
localedir='${datarootdir}/locale'
localstatedir='${prefix}/var'
mandir='${datarootdir}/man'
mkdir_p='$(MKDIR_P)'
oldincludedir='/usr/include'
pdfdir='${docdir}'
prefix='/usr/local'
program_transform_name='s,x,x,'
psdir='${docdir}'
sbindir='${exec_prefix}/sbin'
sharedstatedir='${prefix}/com'
sysconfdir='${prefix}/etc'
target_alias=''

## ----------- ##
## confdefs.h. ##
## ----------- ##

/* confdefs.h */
#define PACKAGE_NAME "message_client"
#define PACKAGE_TARNAME "message_client"
#define PACKAGE_VERSION "1.1"
#define PACKAGE_STRING "message_client 1.1"
#define PACKAGE_BUGREPORT "legojonas@gmx.de"
#define PACKAGE_URL ""
#define PACKAGE "message_client"
#define VERSION "1.1"

configure: exit 0

## ---------------------- ##
## Running config.status. ##
## ---------------------- ##

This file was extended by message_client config.status 1.1, which was
generated by GNU Autoconf 2.69.  Invocation command line was

  CONFIG_FILES    = 
  CONFIG_HEADERS  = 
  CONFIG_LINKS    = 
  CONFIG_COMMANDS = 
  $ ./config.status src/Makefile depfiles

on linux-1izl.site

config.status:840: creating src/Makefile
config.status:1069: executing depfiles commands
